{"log":
 [{"message":
   ".> LEAN_PATH=././.lake/build/lib/lean /Users/khanh/.elan/toolchains/leanprover--lean4---v4.19.0/bin/lean ././././Main.lean -R ./././. -o ././.lake/build/lib/lean/Main.olean -i ././.lake/build/lib/lean/Main.ilean -c ././.lake/build/ir/Main.c --json",
   "level": "trace"},
  {"message": "././././Main.lean:8:2: declaration uses 'sorry'",
   "level": "warning"},
  {"message": "././././Main.lean:9:2: declaration uses 'sorry'",
   "level": "warning"},
  {"message": "././././Main.lean:12:2: declaration uses 'sorry'",
   "level": "warning"},
  {"message": "././././Main.lean:13:2: declaration uses 'sorry'",
   "level": "warning"},
  {"message": "././././Main.lean:16:2: declaration uses 'sorry'",
   "level": "warning"},
  {"message": "././././Main.lean:17:2: declaration uses 'sorry'",
   "level": "warning"},
  {"message": "././././Main.lean:20:2: declaration uses 'sorry'",
   "level": "warning"},
  {"message": "././././Main.lean:21:2: declaration uses 'sorry'",
   "level": "warning"},
  {"message": "././././Main.lean:22:2: declaration uses 'sorry'",
   "level": "warning"},
  {"message": "././././Main.lean:23:2: declaration uses 'sorry'",
   "level": "warning"},
  {"message": "././././Main.lean:24:2: declaration uses 'sorry'",
   "level": "warning"},
  {"message": "././././Main.lean:25:2: declaration uses 'sorry'",
   "level": "warning"},
  {"message": "././././Main.lean:26:2: declaration uses 'sorry'",
   "level": "warning"},
  {"message": "././././Main.lean:27:2: declaration uses 'sorry'",
   "level": "warning"},
  {"message": "././././Main.lean:28:2: declaration uses 'sorry'",
   "level": "warning"},
  {"message": "././././Main.lean:29:2: declaration uses 'sorry'",
   "level": "warning"},
  {"message": "././././Main.lean:30:2: declaration uses 'sorry'",
   "level": "warning"},
  {"message": "././././Main.lean:40:2: declaration uses 'sorry'",
   "level": "warning"},
  {"message": "././././Main.lean:41:2: declaration uses 'sorry'",
   "level": "warning"},
  {"message": "././././Main.lean:42:2: declaration uses 'sorry'",
   "level": "warning"},
  {"message": "././././Main.lean:43:2: declaration uses 'sorry'",
   "level": "warning"},
  {"message": "././././Main.lean:44:2: declaration uses 'sorry'",
   "level": "warning"},
  {"message": "././././Main.lean:45:2: declaration uses 'sorry'",
   "level": "warning"},
  {"message": "././././Main.lean:46:2: declaration uses 'sorry'",
   "level": "warning"}],
 "depHash": "10583078817205572505"}